[debug] [2022-08-10T17:41:29.849Z] ----------------------------------------------------------------------
[debug] [2022-08-10T17:41:29.851Z] Command:       C:\Program Files\nodejs\node.exe C:\Users\Akanksha Mishra\AppData\Roaming\npm\node_modules\firebase-tools\lib\bin\firebase.js init
[debug] [2022-08-10T17:41:29.851Z] CLI Version:   11.5.0
[debug] [2022-08-10T17:41:29.851Z] Platform:      win32
[debug] [2022-08-10T17:41:29.851Z] Node Version:  v16.14.2
[debug] [2022-08-10T17:41:29.853Z] Time:          Wed Aug 10 2022 23:11:29 GMT+0530 (India Standard Time)
[debug] [2022-08-10T17:41:29.853Z] ----------------------------------------------------------------------
[debug] 
[debug] [2022-08-10T17:41:29.912Z] > command requires scopes: ["email","openid","https://www.googleapis.com/auth/cloudplatformprojects.readonly","https://www.googleapis.com/auth/firebase","https://www.googleapis.com/auth/cloud-platform"]
[debug] [2022-08-10T17:41:29.913Z] > authorizing via signed-in user (akankshamishra09122001@gmail.com)
[info] 
     ######## #### ########  ######## ########     ###     ######  ########
     ##        ##  ##     ## ##       ##     ##  ##   ##  ##       ##
     ######    ##  ########  ######   ########  #########  ######  ######
     ##        ##  ##    ##  ##       ##     ## ##     ##       ## ##
     ##       #### ##     ## ######## ########  ##     ##  ######  ########

You're about to initialize a Firebase project in this directory:

  C:\Users\Akanksha Mishra

Before we get started, keep in mind:

  * You are initializing within an existing Firebase project directory

[info] 
=== Project Setup
[info] 
[info] First, let's associate this project directory with a Firebase project.
[info] You can create multiple project aliases by running firebase use --add, 
[info] but for now we'll just set up a default project.
[info] 
[debug] [2022-08-10T17:41:57.761Z] Using project from CLI flag: landing01-d0f51
[debug] [2022-08-10T17:41:57.764Z] >>> [apiv2][query] GET https://firebase.googleapis.com/v1beta1/projects/landing01-d0f51 [none]
[debug] [2022-08-10T17:41:58.500Z] <<< [apiv2][status] GET https://firebase.googleapis.com/v1beta1/projects/landing01-d0f51 403
[debug] [2022-08-10T17:41:58.500Z] <<< [apiv2][body] GET https://firebase.googleapis.com/v1beta1/projects/landing01-d0f51 {"error":{"code":403,"message":"The caller does not have permission","status":"PERMISSION_DENIED"}}
[debug] [2022-08-10T17:41:58.501Z] HTTP Error: 403, The caller does not have permission
[debug] [2022-08-10T17:41:58.668Z] FirebaseError: HTTP Error: 403, The caller does not have permission
    at responseToError (C:\Users\Akanksha Mishra\AppData\Roaming\npm\node_modules\firebase-tools\lib\responseToError.js:49:12)
    at RetryOperation._fn (C:\Users\Akanksha Mishra\AppData\Roaming\npm\node_modules\firebase-tools\lib\apiv2.js:288:77)
    at processTicksAndRejections (node:internal/process/task_queues:96:5)
[error] 
[error] Error: Failed to get Firebase project landing01-d0f51. Please make sure the project exists and your account has permission to access it.
